1770395066 0 c lib/ndb/common - 664 sys sys 1770394278 9879
1770395066 1 c rc/README - 664 sys sys 1770271030 1518
1770395066 2 m rc/README - 664 sys sys 1770271030 1518
1770395066 3 c rc/bin/0a - 775 sys sys 1770271030 24
1770395066 4 m rc/bin/0a - 775 sys sys 1770271030 24
1770395066 5 c rc/bin/0c - 775 sys sys 1770271030 24
1770395066 6 m rc/bin/0c - 775 sys sys 1770271030 24
1770395066 7 c rc/bin/0l - 775 sys sys 1770271030 24
1770395066 8 m rc/bin/0l - 775 sys sys 1770271030 24
1770395066 9 c rc/bin/9fat: - 775 sys sys 1770271030 380
1770395066 10 m rc/bin/9fat: - 775 sys sys 1770271030 380
1770395066 11 c rc/bin/9fs - 775 sys sys 1770271030 1665
1770395066 12 m rc/bin/9fs - 775 sys sys 1770271030 1665
1770395066 13 c rc/bin/B - 775 sys sys 1770271030 645
1770395066 14 m rc/bin/B - 775 sys sys 1770271030 645
1770395066 15 c rc/bin/C - 775 sys sys 1770271030 1432
1770395066 16 m rc/bin/C - 775 sys sys 1770271030 1432
1770395066 17 c rc/bin/E - 775 sys sys 1770271030 299
1770395066 18 m rc/bin/E - 775 sys sys 1770271030 299
1770395066 19 c rc/bin/Kill - 775 sys sys 1770271030 115
1770395066 20 m rc/bin/Kill - 775 sys sys 1770271030 115
1770395066 21 c rc/bin/a: - 775 sys sys 1770271030 255
1770395066 22 m rc/bin/a: - 775 sys sys 1770271030 255
1770395066 23 c rc/bin/addaoe - 775 sys sys 1770271030 274
1770395066 24 m rc/bin/addaoe - 775 sys sys 1770271030 274
1770395066 25 c rc/bin/addpsfonts - 775 sys sys 1770271030 266
1770395066 26 m rc/bin/addpsfonts - 775 sys sys 1770271030 266
1770395066 27 c rc/bin/ap - 775 sys sys 1770271030 645
1770395066 28 m rc/bin/ap - 775 sys sys 1770271030 645
1770395066 29 c rc/bin/ape/ar89 - 775 sys sys 1770271030 240
1770395066 30 m rc/bin/ape/ar89 - 775 sys sys 1770271030 240
1770395066 31 c rc/bin/ape/c89 - 775 sys sys 1770271030 39
1770395066 32 m rc/bin/ape/c89 - 775 sys sys 1770271030 39
1770395066 33 c rc/bin/ape/chown - 775 sys sys 1770271030 43
1770395066 34 m rc/bin/ape/chown - 775 sys sys 1770271030 43
1770395066 35 c rc/bin/ape/dircp - 775 sys sys 1770271030 186
1770395066 36 m rc/bin/ape/dircp - 775 sys sys 1770271030 186
1770395066 37 c rc/bin/ape/false - 775 sys sys 1770271030 17
1770395066 38 m rc/bin/ape/false - 775 sys sys 1770271030 17
1770395066 39 c rc/bin/ape/grep - 775 sys sys 1770271030 60
1770395066 40 m rc/bin/ape/grep - 775 sys sys 1770271030 60
1770395066 41 c rc/bin/ape/install - 775 sys sys 1770271030 572
1770395066 42 m rc/bin/ape/install - 775 sys sys 1770271030 572
1770395066 43 c rc/bin/ape/ld - 775 sys sys 1770271030 98
1770395066 44 m rc/bin/ape/ld - 775 sys sys 1770271030 98
1770395066 45 c rc/bin/ape/ls - 775 sys sys 1770271030 1032
1770395066 46 m rc/bin/ape/ls - 775 sys sys 1770271030 1032
1770395066 47 c rc/bin/ape/printf - 775 sys sys 1770271030 60
1770395066 48 m rc/bin/ape/printf - 775 sys sys 1770271030 60
1770395066 49 c rc/bin/ape/psh - 775 sys sys 1770271030 245
1770395066 50 m rc/bin/ape/psh - 775 sys sys 1770271030 245
1770395066 51 c rc/bin/ape/ranlib - 775 sys sys 1770271030 18
1770395066 52 m rc/bin/ape/ranlib - 775 sys sys 1770271030 18
1770395066 53 c rc/bin/ape/rmdir - 775 sys sys 1770271030 16
1770395066 54 m rc/bin/ape/rmdir - 775 sys sys 1770271030 16
1770395066 55 c rc/bin/ape/true - 775 sys sys 1770271030 17
1770395066 56 m rc/bin/ape/true - 775 sys sys 1770271030 17
1770395066 57 c rc/bin/ape/umask - 775 sys sys 1770271030 34
1770395066 58 m rc/bin/ape/umask - 775 sys sys 1770271030 34
1770395066 59 c rc/bin/ape/yacc - 775 sys sys 1770271030 280
1770395066 60 m rc/bin/ape/yacc - 775 sys sys 1770271030 280
1770395066 61 c rc/bin/b: - 775 sys sys 1770271030 204
1770395066 62 m rc/bin/b: - 775 sys sys 1770271030 204
1770395066 63 c rc/bin/broke - 775 sys sys 1770271030 142
1770395066 64 m rc/bin/broke - 775 sys sys 1770271030 142
1770395066 65 c rc/bin/bundle - 775 sys sys 1770271030 173
1770395066 66 m rc/bin/bundle - 775 sys sys 1770271030 173
1770395066 67 c rc/bin/c: - 775 sys sys 1770271030 86
1770395066 68 m rc/bin/c: - 775 sys sys 1770271030 86
1770395066 69 c rc/bin/cpurc - 775 sys sys 1770271030 2693
1770395066 70 m rc/bin/cpurc - 775 sys sys 1770271030 2693
1770395066 71 c rc/bin/cpurc.local - 775 sys sys 1770271030 1565
1770395066 72 m rc/bin/cpurc.local - 775 sys sys 1770271030 1565
1770395066 73 c rc/bin/dbcalc - 775 sys sys 1770271030 75
1770395066 74 m rc/bin/dbcalc - 775 sys sys 1770271030 75
1770395066 75 c rc/bin/delkey - 775 sys sys 1770271030 643
1770395066 76 m rc/bin/delkey - 775 sys sys 1770271030 643
1770395066 77 c rc/bin/diffy - 775 sys sys 1770271030 386
1770395066 78 m rc/bin/diffy - 775 sys sys 1770271030 386
1770395066 79 c rc/bin/dircp - 775 sys sys 1770271030 217
1770395066 80 m rc/bin/dircp - 775 sys sys 1770271030 217
1770395066 81 c rc/bin/diskparts - 775 sys sys 1770271030 1371
1770395066 82 m rc/bin/diskparts - 775 sys sys 1770271030 1371
1770395066 83 c rc/bin/dmaon - 775 sys sys 1770271030 255
1770395066 84 m rc/bin/dmaon - 775 sys sys 1770271030 255
1770395066 85 c rc/bin/doc2ps - 775 sys sys 1770271030 338
1770395066 86 m rc/bin/doc2ps - 775 sys sys 1770271030 338
1770395066 87 c rc/bin/doc2txt - 775 sys sys 1770271030 563
1770395066 88 m rc/bin/doc2txt - 775 sys sys 1770271030 563
1770395066 89 c rc/bin/doctype - 775 sys sys 1770271030 1843
1770395066 90 m rc/bin/doctype - 775 sys sys 1770271030 1843
1770395066 91 c rc/bin/dontkill - 775 sys sys 1770271030 348
1770395066 92 m rc/bin/dontkill - 775 sys sys 1770271030 348
1770395066 93 c rc/bin/dosmnt - 775 sys sys 1770271030 303
1770395066 94 m rc/bin/dosmnt - 775 sys sys 1770271030 303
1770395066 95 c rc/bin/dpost - 775 sys sys 1770271030 220
1770395066 96 m rc/bin/dpost - 775 sys sys 1770271030 220
1770395066 97 c rc/bin/eject - 775 sys sys 1770271030 123
1770395066 98 m rc/bin/eject - 775 sys sys 1770271030 123
1770395066 99 c rc/bin/fax - 775 sys sys 1770271030 2401
1770395066 100 m rc/bin/fax - 775 sys sys 1770271030 2401
1770395066 101 c rc/bin/fedex - 775 sys sys 1770271030 1236
1770395066 102 m rc/bin/fedex - 775 sys sys 1770271030 1236
1770395066 103 c rc/bin/fshalt - 775 sys sys 1770271030 3136
1770395066 104 m rc/bin/fshalt - 775 sys sys 1770271030 3136
1770395066 105 c rc/bin/go.fishing - 775 sys sys 1770271030 276
1770395066 106 m rc/bin/go.fishing - 775 sys sys 1770271030 276
1770395066 107 c rc/bin/homespool - 775 sys sys 1770271030 339
1770395066 108 m rc/bin/homespool - 775 sys sys 1770271030 339
1770395066 109 c rc/bin/ipconf/bsr - 775 sys sys 1770271030 1461
1770395066 110 m rc/bin/ipconf/bsr - 775 sys sys 1770271030 1461
1770395066 111 c rc/bin/ipconf/inside - 775 sys sys 1770271030 427
1770395066 112 m rc/bin/ipconf/inside - 775 sys sys 1770271030 427
1770395066 113 c rc/bin/ipconf/lra - 775 sys sys 1770271030 1558
1770395066 114 m rc/bin/ipconf/lra - 775 sys sys 1770271030 1558
1770395066 115 c rc/bin/ipconf/outside - 775 sys sys 1770271030 550
1770395066 116 m rc/bin/ipconf/outside - 775 sys sys 1770271030 550
1770395066 117 c rc/bin/ipconf/theworld - 775 sys sys 1770271030 1212
1770395066 118 m rc/bin/ipconf/theworld - 775 sys sys 1770271030 1212
1770395066 119 c rc/bin/ipconf/tmobile - 775 sys sys 1770271030 1649
1770395066 120 m rc/bin/ipconf/tmobile - 775 sys sys 1770271030 1649
1770395066 121 c rc/bin/ipconf/verizon - 775 sys sys 1770271030 1558
1770395066 122 m rc/bin/ipconf/verizon - 775 sys sys 1770271030 1558
1770395066 123 c rc/bin/ipso - 775 sys sys 1770271030 3009
1770395066 124 m rc/bin/ipso - 775 sys sys 1770271030 3009
1770395066 125 c rc/bin/ipv6on - 775 sys sys 1770271030 1807
1770395066 126 m rc/bin/ipv6on - 775 sys sys 1770271030 1807
1770395066 127 c rc/bin/iwhois - 775 sys sys 1770271030 2223
1770395066 128 m rc/bin/iwhois - 775 sys sys 1770271030 2223
1770395066 129 c rc/bin/juke - 775 sys sys 1770271030 1562
1770395066 130 m rc/bin/juke - 775 sys sys 1770271030 1562
1770395066 131 c rc/bin/kill - 775 sys sys 1770271030 142
1770395066 132 m rc/bin/kill - 775 sys sys 1770271030 142
1770395066 133 c rc/bin/kmem - 775 sys sys 1770271030 544
1770395066 134 m rc/bin/kmem - 775 sys sys 1770271030 544
1770395066 135 c rc/bin/label - 775 sys sys 1770271030 189
1770395066 136 m rc/bin/label - 775 sys sys 1770271030 189
1770395066 137 c rc/bin/lc - 775 sys sys 1770271030 24
1770395066 138 m rc/bin/lc - 775 sys sys 1770271030 24
1770395066 139 c rc/bin/leak - 775 sys sys 1770271030 1921
1770395066 140 m rc/bin/leak - 775 sys sys 1770271030 1921
1770395066 141 c rc/bin/loadfossil - 775 sys sys 1770271030 2082
1770395066 142 m rc/bin/loadfossil - 775 sys sys 1770271030 2082
1770395066 143 c rc/bin/lookman - 775 sys sys 1770271030 793
1770395066 144 m rc/bin/lookman - 775 sys sys 1770271030 793
1770395066 145 c rc/bin/lp - 775 sys sys 1770271030 5273
1770395066 146 m rc/bin/lp - 775 sys sys 1770271030 5273
1770395066 147 c rc/bin/mail - 775 sys sys 1770271030 138
1770395066 148 m rc/bin/mail - 775 sys sys 1770271030 138
1770395066 149 c rc/bin/man - 775 sys sys 1770271030 2746
1770395066 150 m rc/bin/man - 775 sys sys 1770271030 2746
1770395066 151 c rc/bin/map - 775 sys sys 1770271030 1576
1770395066 152 m rc/bin/map - 775 sys sys 1770271030 1576
1770395066 153 c rc/bin/mapdemo - 775 sys sys 1770271030 4075
1770395066 154 m rc/bin/mapdemo - 775 sys sys 1770271030 4075
1770395066 155 c rc/bin/membername - 775 sys sys 1770271030 89
1770395066 156 m rc/bin/membername - 775 sys sys 1770271030 89
1770395066 157 c rc/bin/mkusbboot - 775 sys sys 1770271030 2361
1770395066 158 m rc/bin/mkusbboot - 775 sys sys 1770271030 2361
1770395066 159 c rc/bin/mousereset - 775 sys sys 1770271030 37
1770395066 160 m rc/bin/mousereset - 775 sys sys 1770271030 37
1770395066 161 c rc/bin/nroff - 775 sys sys 1770271030 27
1770395066 162 m rc/bin/nroff - 775 sys sys 1770271030 27
1770395066 163 c rc/bin/patch/applied - 775 sys sys 1770271030 111
1770395066 164 m rc/bin/patch/applied - 775 sys sys 1770271030 111
1770395066 165 c rc/bin/patch/apply - 775 sys sys 1770271030 1285
1770395066 166 m rc/bin/patch/apply - 775 sys sys 1770271030 1285
1770395066 167 c rc/bin/patch/create - 775 sys sys 1770271030 1516
1770395066 168 m rc/bin/patch/create - 775 sys sys 1770271030 1516
1770395066 169 c rc/bin/patch/diff - 775 sys sys 1770271030 673
1770395066 170 m rc/bin/patch/diff - 775 sys sys 1770271030 673
1770395066 171 c rc/bin/patch/list - 775 sys sys 1770271030 816
1770395066 172 m rc/bin/patch/list - 775 sys sys 1770271030 816
1770395066 173 c rc/bin/patch/move - 775 sys sys 1770271030 643
1770395066 174 m rc/bin/patch/move - 775 sys sys 1770271030 643
1770395066 175 c rc/bin/patch/note - 775 sys sys 1770271030 663
1770395066 176 m rc/bin/patch/note - 775 sys sys 1770271030 663
1770395066 177 c rc/bin/patch/notify - 775 sys sys 1770271030 105
1770395066 178 m rc/bin/patch/notify - 775 sys sys 1770271030 105
1770395066 179 c rc/bin/patch/okay - 775 sys sys 1770271030 250
1770395066 180 m rc/bin/patch/okay - 775 sys sys 1770271030 250
1770395066 181 c rc/bin/patch/remove - 775 sys sys 1770271030 285
1770395066 182 m rc/bin/patch/remove - 775 sys sys 1770271030 285
1770395066 183 c rc/bin/patch/save - 775 sys sys 1770271030 106
1770395066 184 m rc/bin/patch/save - 775 sys sys 1770271030 106
1770395066 185 c rc/bin/patch/sorry - 775 sys sys 1770271030 107
1770395066 186 m rc/bin/patch/sorry - 775 sys sys 1770271030 107
1770395066 187 c rc/bin/patch/undo - 775 sys sys 1770271030 557
1770395066 188 m rc/bin/patch/undo - 775 sys sys 1770271030 557
1770395066 189 c rc/bin/pc/bootfloppy - 775 sys sys 1770271030 439
1770395066 190 m rc/bin/pc/bootfloppy - 775 sys sys 1770271030 439
1770395066 191 c rc/bin/pc/bootplan9 - 775 sys sys 1770271030 1639
1770395066 192 m rc/bin/pc/bootplan9 - 775 sys sys 1770271030 1639
1770395066 193 c rc/bin/pc/bootwin9x - 775 sys sys 1770271030 2476
1770395066 194 m rc/bin/pc/bootwin9x - 775 sys sys 1770271030 2476
1770395066 195 c rc/bin/pc/bootwinnt - 775 sys sys 1770271030 1198
1770395066 196 m rc/bin/pc/bootwinnt - 775 sys sys 1770271030 1198
1770395066 197 c rc/bin/pc/defs - 775 sys sys 1770271030 809
1770395066 198 m rc/bin/pc/defs - 775 sys sys 1770271030 809
1770395066 199 c rc/bin/pc/isfat - 775 sys sys 1770271030 457
1770395066 200 m rc/bin/pc/isfat - 775 sys sys 1770271030 457
1770395066 201 c rc/bin/pc/personalize - 775 sys sys 1770271030 99
1770395066 202 m rc/bin/pc/personalize - 775 sys sys 1770271030 99
1770395066 203 c rc/bin/pc/setup.9fat - 775 sys sys 1770271030 546
1770395066 204 m rc/bin/pc/setup.9fat - 775 sys sys 1770271030 546
1770395066 205 c rc/bin/pc/setup.disk - 775 sys sys 1770271030 579
1770395066 206 m rc/bin/pc/setup.disk - 775 sys sys 1770271030 579
1770395066 207 c rc/bin/pc/update - 775 sys sys 1770271030 468
1770395066 208 m rc/bin/pc/update - 775 sys sys 1770271030 468
1770395066 209 c rc/bin/pci - 775 sys sys 1770271030 1635
1770395066 210 m rc/bin/pci - 775 sys sys 1770271030 1635
1770395066 211 c rc/bin/pdf2ps - 775 sys sys 1770271030 1027
1770395066 212 m rc/bin/pdf2ps - 775 sys sys 1770271030 1027
1770395066 213 c rc/bin/postscript/psencoding - 775 sys sys 1770271030 866
1770395066 214 m rc/bin/postscript/psencoding - 775 sys sys 1770271030 866
1770395066 215 c rc/bin/printfont - 775 sys sys 1770271030 2851
1770395066 216 m rc/bin/printfont - 775 sys sys 1770271030 2851
1770395066 217 c rc/bin/ps2gif - 775 sys sys 1770271030 107
1770395066 218 m rc/bin/ps2gif - 775 sys sys 1770271030 107
1770395066 219 c rc/bin/service.auth/!tcp443 - 775 sys sys 1770271030 365
1770395066 220 m rc/bin/service.auth/!tcp443 - 775 sys sys 1770271030 365
1770395066 221 c rc/bin/service.auth/!tcp567 - 775 sys sys 1770271030 89
1770395066 222 m rc/bin/service.auth/!tcp567 - 775 sys sys 1770271030 89
1770395066 223 c rc/bin/service.auth/authsrv.il566 - 775 sys sys 1770271030 34
1770395066 224 m rc/bin/service.auth/authsrv.il566 - 775 sys sys 1770271030 34
1770395066 225 c rc/bin/service.auth/authsrv.tcp567 - 775 sys sys 1770271030 34
1770395066 226 m rc/bin/service.auth/authsrv.tcp567 - 775 sys sys 1770271030 34
1770395066 227 c rc/bin/service.auth/tcp566 - 775 sys sys 1770271030 36
1770395066 228 m rc/bin/service.auth/tcp566 - 775 sys sys 1770271030 36
1770395066 229 c rc/bin/service.auth/tcp567 - 775 sys sys 1770271030 34
1770395066 230 m rc/bin/service.auth/tcp567 - 775 sys sys 1770271030 34
1770395066 231 c rc/bin/startupasfs - 775 sys sys 1770271030 155
1770395066 232 m rc/bin/startupasfs - 775 sys sys 1770271030 155
1770395066 233 c rc/bin/termrc.local - 775 sys sys 1770271030 469
1770395066 234 m rc/bin/termrc.local - 775 sys sys 1770271030 469
1770395066 235 c rc/bin/thesaurus - 775 sys sys 1770271030 422
1770395066 236 m rc/bin/thesaurus - 775 sys sys 1770271030 422
1770395066 237 c rc/bin/tlsclienttunnel - 775 sys sys 1770271030 153
1770395066 238 m rc/bin/tlsclienttunnel - 775 sys sys 1770271030 153
1770395066 239 c rc/bin/tlssrvtunnel - 775 sys sys 1770271030 175
1770395066 240 m rc/bin/tlssrvtunnel - 775 sys sys 1770271030 175
1770395066 241 c rc/bin/troff2gif - 775 sys sys 1770271030 164
1770395066 242 m rc/bin/troff2gif - 775 sys sys 1770271030 164
1770395066 243 c rc/bin/troff2png - 775 sys sys 1770271030 228
1770395066 244 m rc/bin/troff2png - 775 sys sys 1770271030 228
1770395066 245 c rc/bin/uncompress - 775 sys sys 1770271030 30
1770395066 246 m rc/bin/uncompress - 775 sys sys 1770271030 30
1770395066 247 c rc/bin/usbfat: - 775 sys sys 1770271030 1381
1770395066 248 m rc/bin/usbfat: - 775 sys sys 1770271030 1381
1770395066 249 c rc/bin/yesterday - 775 sys sys 1770271030 2439
1770395066 250 m rc/bin/yesterday - 775 sys sys 1770271030 2439
1770395066 251 c rc/bin/411 - 775 sys sys 1770271030 1063
1770395066 252 m rc/bin/411 - 775 sys sys 1770271030 1063
1770395066 253 c rc/bin/addroutes - 775 sys sys 1770271030 1569
1770395066 254 m rc/bin/addroutes - 775 sys sys 1770271030 1569
1770395066 255 c rc/bin/addroutes.60f - 775 sys sys 1770271030 802
1770395066 256 m rc/bin/addroutes.60f - 775 sys sys 1770271030 802
1770395066 257 c rc/bin/arp - 775 sys sys 1770271030 306
1770395066 258 m rc/bin/arp - 775 sys sys 1770271030 306
1770395066 259 c rc/bin/audio - 775 sys sys 1770271030 297
1770395066 260 m rc/bin/audio - 775 sys sys 1770271030 297
1770395066 261 c rc/bin/await - 775 sys sys 1770271030 439
1770395066 262 m rc/bin/await - 775 sys sys 1770271030 439
1770395066 263 c rc/bin/badguy - 775 sys sys 1770271030 466
1770395066 264 m rc/bin/badguy - 775 sys sys 1770271030 466
1770395066 265 c rc/bin/bdr - 775 sys sys 1770271030 146
1770395066 266 m rc/bin/bdr - 775 sys sys 1770271030 146
1770395066 267 c rc/bin/bootme - 775 sys sys 1770271030 420
1770395066 268 m rc/bin/bootme - 775 sys sys 1770271030 420
1770395066 269 a rc/bin/chem - 775 sys sys 1770271030 11685
1770395066 270 c rc/bin/chop - 775 sys sys 1770271030 112
1770395066 271 m rc/bin/chop - 775 sys sys 1770271030 112
1770395066 272 c rc/bin/column - 775 sys sys 1770271030 476
1770395066 273 m rc/bin/column - 775 sys sys 1770271030 476
1770395066 274 c rc/bin/cparena - 775 sys sys 1770271030 63
1770395066 275 m rc/bin/cparena - 775 sys sys 1770271030 63
1770395066 276 a rc/bin/dvips - 775 sys sys 1770271030 201
1770395066 277 c rc/bin/editfactotumkeys - 775 sys sys 1770271030 673
1770395066 278 m rc/bin/editfactotumkeys - 775 sys sys 1770271030 673
1770395066 279 c rc/bin/fc - 775 sys sys 1770271030 4153
1770395066 280 m rc/bin/fc - 775 sys sys 1770271030 4153
1770395066 281 c rc/bin/g - 775 sys sys 1770271030 437
1770395066 282 m rc/bin/g - 775 sys sys 1770271030 437
1770395066 283 c rc/bin/git - 775 sys sys 1770394358 9261
1770395066 284 m rc/bin/git - 775 sys sys 1770394358 9261
1770395066 285 c rc/bin/importsrv - 775 sys sys 1770271030 569
1770395066 286 m rc/bin/importsrv - 775 sys sys 1770271030 569
1770395066 287 c rc/bin/include - 775 sys sys 1770271030 512
1770395066 288 m rc/bin/include - 775 sys sys 1770271030 512
1770395066 289 c rc/bin/ipon - 775 sys sys 1770271030 741
1770395066 290 m rc/bin/ipon - 775 sys sys 1770271030 741
1770395066 291 c rc/bin/ipv6on.v4v6 - 775 sys sys 1770271030 2335
1770395066 292 m rc/bin/ipv6on.v4v6 - 775 sys sys 1770271030 2335
1770395066 293 c rc/bin/killnetalt - 775 sys sys 1770271030 195
1770395066 294 m rc/bin/killnetalt - 775 sys sys 1770271030 195
1770395066 295 c rc/bin/killtcpport - 775 sys sys 1770271030 291
1770395066 296 m rc/bin/killtcpport - 775 sys sys 1770271030 291
1770395066 297 c rc/bin/latex - 775 sys sys 1770271030 224
1770395066 298 m rc/bin/latex - 775 sys sys 1770271030 224
1770395066 299 c rc/bin/loadcfgpxe - 775 sys sys 1770271030 436
1770395066 300 m rc/bin/loadcfgpxe - 775 sys sys 1770271030 436
1770395066 301 c rc/bin/mailcmd - 775 sys sys 1770271030 540
1770395066 302 m rc/bin/mailcmd - 775 sys sys 1770271030 540
1770395066 303 c rc/bin/mf - 775 sys sys 1770271030 213
1770395066 304 m rc/bin/mf - 775 sys sys 1770271030 213
1770395066 305 c rc/bin/mkdep - 775 sys sys 1770271030 958
1770395066 306 m rc/bin/mkdep - 775 sys sys 1770271030 958
1770395066 307 c rc/bin/mkdist - 775 sys sys 1770271030 759
1770395066 308 m rc/bin/mkdist - 775 sys sys 1770271030 759
1770395066 309 c rc/bin/mkfossilconf - 775 sys sys 1770271030 401
1770395066 310 m rc/bin/mkfossilconf - 775 sys sys 1770271030 401
1770395066 311 c rc/bin/movehome - 775 sys sys 1770271030 775
1770395066 312 m rc/bin/movehome - 775 sys sys 1770271030 775
1770395066 313 c rc/bin/movemail - 775 sys sys 1770271030 796
1770395066 314 m rc/bin/movemail - 775 sys sys 1770271030 796
1770395066 315 c rc/bin/mp - 775 sys sys 1770271030 148
1770395066 316 m rc/bin/mp - 775 sys sys 1770271030 148
1770395066 317 c rc/bin/noweave - 775 sys sys 1770271030 8189
1770395066 318 m rc/bin/noweave - 775 sys sys 1770271030 8189
1770395066 319 c rc/bin/outside-reboot - 775 sys sys 1770271030 152
1770395066 320 m rc/bin/outside-reboot - 775 sys sys 1770271030 152
1770395066 321 c rc/bin/pac2mp3 - 775 sys sys 1770271030 207
1770395066 322 m rc/bin/pac2mp3 - 775 sys sys 1770271030 207
1770395066 323 c rc/bin/plumbman - 775 sys sys 1770271030 188
1770395066 324 m rc/bin/plumbman - 775 sys sys 1770271030 188
1770395066 325 c rc/bin/ps2pdf - 775 sys sys 1770271030 809
1770395066 326 m rc/bin/ps2pdf - 775 sys sys 1770271030 809
1770395066 327 c rc/bin/psfax - 775 sys sys 1770271030 1874
1770395066 328 m rc/bin/psfax - 775 sys sys 1770271030 1874
1770395066 329 c rc/bin/psu - 775 sys sys 1770271030 333
1770395066 330 m rc/bin/psu - 775 sys sys 1770271030 333
1770395066 331 c rc/bin/readweb - 775 sys sys 1770271030 178
1770395066 332 m rc/bin/readweb - 775 sys sys 1770271030 178
1770395066 333 c rc/bin/reboot - 775 sys sys 1770271030 39
1770395066 334 m rc/bin/reboot - 775 sys sys 1770271030 39
1770395066 335 c rc/bin/replica/changes - 775 sys sys 1770271030 276
1770395066 336 m rc/bin/replica/changes - 775 sys sys 1770271030 276
1770395066 337 c rc/bin/replica/defs - 775 sys sys 1770271030 843
1770395066 338 m rc/bin/replica/defs - 775 sys sys 1770271030 843
1770395066 339 c rc/bin/replica/pull - 775 sys sys 1770271030 1465
1770395066 340 m rc/bin/replica/pull - 775 sys sys 1770271030 1465
1770395066 341 c rc/bin/replica/push - 775 sys sys 1770271030 361
1770395066 342 m rc/bin/replica/push - 775 sys sys 1770271030 361
1770395066 343 c rc/bin/replica/scan - 775 sys sys 1770271030 472
1770395066 344 m rc/bin/replica/scan - 775 sys sys 1770271030 472
1770395066 345 c rc/bin/replica/setupdirs - 775 sys sys 1770271030 411
1770395066 346 m rc/bin/replica/setupdirs - 775 sys sys 1770271030 411
1770395066 347 c rc/bin/rwd - 775 sys sys 1770271030 349
1770395066 348 m rc/bin/rwd - 775 sys sys 1770271030 349
1770395066 349 c rc/bin/seemail - 775 sys sys 1770271030 59
1770395066 350 m rc/bin/seemail - 775 sys sys 1770271030 59
1770395066 351 c rc/bin/service/!tcp110 - 775 sys sys 1770271030 85
1770395066 352 m rc/bin/service/!tcp110 - 775 sys sys 1770271030 85
1770395066 353 c rc/bin/service/!tcp143 - 775 sys sys 1770271030 51
1770395066 354 m rc/bin/service/!tcp143 - 775 sys sys 1770271030 51
1770395066 355 c rc/bin/service/!tcp1723 - 775 sys sys 1770271030 102
1770395066 356 m rc/bin/service/!tcp1723 - 775 sys sys 1770271030 102
1770395066 357 c rc/bin/service/!tcp19 - 775 sys sys 1770271030 30
1770395066 358 m rc/bin/service/!tcp19 - 775 sys sys 1770271030 30
1770395066 359 c rc/bin/service/!tcp21 - 775 sys sys 1770271030 31
1770395066 360 m rc/bin/service/!tcp21 - 775 sys sys 1770271030 31
1770395066 361 c rc/bin/service/!tcp22 - 775 sys sys 1770271030 87
1770395066 362 m rc/bin/service/!tcp22 - 775 sys sys 1770271030 87
1770395066 363 c rc/bin/service/!tcp23 - 775 sys sys 1770271030 34
1770395066 364 m rc/bin/service/!tcp23 - 775 sys sys 1770271030 34
1770395066 365 c rc/bin/service/!tcp25 - 775 sys sys 1770271030 115
1770395066 366 m rc/bin/service/!tcp25 - 775 sys sys 1770271030 115
1770395066 367 c rc/bin/service/!tcp465 - 775 sys sys 1770271030 121
1770395066 368 m rc/bin/service/!tcp465 - 775 sys sys 1770271030 121
1770395066 369 c rc/bin/service/!tcp513 - 775 sys sys 1770271030 31
1770395066 370 m rc/bin/service/!tcp513 - 775 sys sys 1770271030 31
1770395066 371 c rc/bin/service/!tcp515 - 775 sys sys 1770271030 120
1770395066 372 m rc/bin/service/!tcp515 - 775 sys sys 1770271030 120
1770395066 373 c rc/bin/service/!tcp53 - 775 sys sys 1770271030 32
1770395066 374 m rc/bin/service/!tcp53 - 775 sys sys 1770271030 32
1770395066 375 c rc/bin/service/!tcp564 - 775 sys sys 1770271030 70
1770395066 376 m rc/bin/service/!tcp564 - 775 sys sys 1770271030 70
1770395066 377 c rc/bin/service/!tcp587 - 775 sys sys 1770271030 65
1770395066 378 m rc/bin/service/!tcp587 - 775 sys sys 1770271030 65
1770395066 379 c rc/bin/service/!tcp7 - 775 sys sys 1770271030 19
1770395066 380 m rc/bin/service/!tcp7 - 775 sys sys 1770271030 19
1770395066 381 c rc/bin/service/!tcp9 - 775 sys sys 1770271030 26
1770395066 382 m rc/bin/service/!tcp9 - 775 sys sys 1770271030 26
1770395066 383 c rc/bin/service/!tcp993 - 775 sys sys 1770271030 137
1770395066 384 m rc/bin/service/!tcp993 - 775 sys sys 1770271030 137
1770395066 385 c rc/bin/service/!tcp995 - 775 sys sys 1770271030 133
1770395066 386 m rc/bin/service/!tcp995 - 775 sys sys 1770271030 133
1770395066 387 c rc/bin/service/startcifs - 775 sys sys 1770271030 239
1770395066 388 m rc/bin/service/startcifs - 775 sys sys 1770271030 239
1770395066 389 c rc/bin/service/startnfs - 775 sys sys 1770271030 667
1770395066 390 m rc/bin/service/startnfs - 775 sys sys 1770271030 667
1770395066 391 c rc/bin/service/tcp17007 - 775 sys sys 1770271030 97
1770395066 392 m rc/bin/service/tcp17007 - 775 sys sys 1770271030 97
1770395066 393 c rc/bin/service/tcp17009 - 775 sys sys 1770271030 31
1770395066 394 m rc/bin/service/tcp17009 - 775 sys sys 1770271030 31
1770395066 395 c rc/bin/service/tcp17010 - 775 sys sys 1770271030 14
1770395066 396 m rc/bin/service/tcp17010 - 775 sys sys 1770271030 14
1770395066 397 c rc/bin/service/tcp17014 - 775 sys sys 1770271030 112
1770395066 398 m rc/bin/service/tcp17014 - 775 sys sys 1770271030 112
1770395066 399 c rc/bin/service/tcp17015 - 775 sys sys 1770271030 508
1770395066 400 m rc/bin/service/tcp17015 - 775 sys sys 1770271030 508
1770395066 401 c rc/bin/service/tcp565 - 775 sys sys 1770271030 212
1770395066 402 m rc/bin/service/tcp565 - 775 sys sys 1770271030 212
1770395066 403 c rc/bin/service/telcodata - 775 sys sys 1770271030 95
1770395066 404 m rc/bin/service/telcodata - 775 sys sys 1770271030 95
1770395066 405 c rc/bin/service/telcofax - 775 sys sys 1770271030 102
1770395066 406 m rc/bin/service/telcofax - 775 sys sys 1770271030 102
1770395066 407 c rc/bin/setrtc - 775 sys sys 1770271030 124
1770395066 408 m rc/bin/setrtc - 775 sys sys 1770271030 124
1770395066 409 c rc/bin/sig - 775 sys sys 1770271030 530
1770395066 410 m rc/bin/sig - 775 sys sys 1770271030 530
1770395066 411 c rc/bin/slay - 775 sys sys 1770271030 133
1770395066 412 m rc/bin/slay - 775 sys sys 1770271030 133
1770395066 413 c rc/bin/soelim - 775 sys sys 1770271030 590
1770395066 414 m rc/bin/soelim - 775 sys sys 1770271030 590
1770395066 415 c rc/bin/spell - 775 sys sys 1770271030 312
1770395066 416 m rc/bin/spell - 775 sys sys 1770271030 312
1770395066 417 c rc/bin/src - 775 sys sys 1770271030 916
1770395066 418 m rc/bin/src - 775 sys sys 1770271030 916
1770395066 419 c rc/bin/srvssh - 775 sys sys 1770271030 2296
1770395066 420 m rc/bin/srvssh - 775 sys sys 1770271030 2296
1770395066 421 c rc/bin/ssh - 775 sys sys 1770271030 138
1770395066 422 m rc/bin/ssh - 775 sys sys 1770271030 138
1770395066 423 c rc/bin/start - 775 sys sys 1770271030 120
1770395066 424 m rc/bin/start - 775 sys sys 1770271030 120
1770395066 425 c rc/bin/stock - 775 sys sys 1770271030 292
1770395066 426 m rc/bin/stock - 775 sys sys 1770271030 292
1770395066 427 c rc/bin/stop - 775 sys sys 1770271030 110
1770395066 428 m rc/bin/stop - 775 sys sys 1770271030 110
1770395066 429 c rc/bin/sync - 775 sys sys 1770271030 784
1770395066 430 m rc/bin/sync - 775 sys sys 1770271030 784
1770395066 431 c rc/bin/tel - 775 sys sys 1770271030 128
1770395066 432 m rc/bin/tel - 775 sys sys 1770271030 128
1770395066 433 c rc/bin/termrc - 775 sys sys 1770271030 2363
1770395066 434 m rc/bin/termrc - 775 sys sys 1770271030 2363
1770395066 435 c rc/bin/tinyurl - 775 sys sys 1770271030 95
1770395066 436 m rc/bin/tinyurl - 775 sys sys 1770271030 95
1770395066 437 c rc/bin/umem - 775 sys sys 1770271030 547
1770395066 438 m rc/bin/umem - 775 sys sys 1770271030 547
1770395066 439 c rc/bin/ups - 775 sys sys 1770271030 806
1770395066 440 m rc/bin/ups - 775 sys sys 1770271030 806
1770395066 441 c rc/bin/uptime - 775 sys sys 1770271030 234
1770395066 442 m rc/bin/uptime - 775 sys sys 1770271030 234
1770395066 443 c rc/bin/usbeject - 775 sys sys 1770271030 773
1770395066 444 m rc/bin/usbeject - 775 sys sys 1770271030 773
1770395066 445 c rc/bin/usbstart - 775 sys sys 1770271030 181
1770395066 446 m rc/bin/usbstart - 775 sys sys 1770271030 181
1770395066 447 c rc/bin/usps - 775 sys sys 1770271030 450
1770395066 448 m rc/bin/usps - 775 sys sys 1770271030 450
1770395066 449 c rc/bin/vwhois - 775 sys sys 1770271030 445
1770395066 450 m rc/bin/vwhois - 775 sys sys 1770271030 445
1770395066 451 c rc/bin/wdoc2txt - 775 sys sys 1770271030 277
1770395066 452 m rc/bin/wdoc2txt - 775 sys sys 1770271030 277
1770395066 453 c rc/bin/weather - 775 sys sys 1770271030 795
1770395066 454 m rc/bin/weather - 775 sys sys 1770271030 795
1770395066 455 c rc/bin/who - 775 sys sys 1770271030 61
1770395066 456 m rc/bin/who - 775 sys sys 1770271030 61
1770395066 457 c rc/bin/whois - 775 sys sys 1770271030 189
1770395066 458 m rc/bin/whois - 775 sys sys 1770271030 189
1770395066 459 c rc/bin/window - 775 sys sys 1770271030 1839
1770395066 460 m rc/bin/window - 775 sys sys 1770271030 1839
1770395066 461 c rc/bin/wloc - 775 sys sys 1770271030 191
1770395066 462 m rc/bin/wloc - 775 sys sys 1770271030 191
1770395066 463 a rc/bin/words - 775 sys sys 1770271030 100
1770395066 464 c rc/bin/wurl2txt - 775 sys sys 1770271030 296
1770395066 465 m rc/bin/wurl2txt - 775 sys sys 1770271030 296
1770395066 466 c rc/bin/xls2txt - 775 sys sys 1770271030 520
1770395066 467 m rc/bin/xls2txt - 775 sys sys 1770271030 520
1770395066 468 c rc/bin/dircpmk - 775 sys sys 1770271030 221
1770395066 469 m rc/bin/dircpmk - 775 sys sys 1770271030 221
1770395066 470 c rc/bin/dumpvacroots - 775 sys sys 1770271030 612
1770395066 471 m rc/bin/dumpvacroots - 775 sys sys 1770271030 612
1770395066 472 c rc/bin/dumpvacroots.old - 775 sys sys 1770271030 477
1770395066 473 m rc/bin/dumpvacroots.old - 775 sys sys 1770271030 477
1770395066 474 c rc/bin/kern - 775 sys sys 1770271030 394
1770395066 475 m rc/bin/kern - 775 sys sys 1770271030 394
1770395066 476 c rc/bin/kickventiindex - 775 sys sys 1770271030 47
1770395066 477 m rc/bin/kickventiindex - 775 sys sys 1770271030 47
1770395066 478 c rc/bin/kmesg.boot - 775 sys sys 1770271030 400
1770395066 479 m rc/bin/kmesg.boot - 775 sys sys 1770271030 400
1770395066 480 c rc/bin/lastdumpvac - 775 sys sys 1770271030 79
1770395066 481 m rc/bin/lastdumpvac - 775 sys sys 1770271030 79
1770395066 482 c rc/bin/lunzip - 775 sys sys 1770271030 26
1770395066 483 m rc/bin/lunzip - 775 sys sys 1770271030 26
1770395066 484 c rc/bin/minboot - 775 sys sys 1770271030 110
1770395066 485 m rc/bin/minboot - 775 sys sys 1770271030 110
1770395066 486 c rc/bin/newdisk - 775 sys sys 1770271030 340
1770395066 487 m rc/bin/newdisk - 775 sys sys 1770271030 340
1770395066 488 c rc/bin/pxeof - 775 sys sys 1770271030 195
1770395066 489 m rc/bin/pxeof - 775 sys sys 1770271030 195
1770395066 490 c rc/bin/qrun - 775 sys sys 1770271030 619
1770395066 491 m rc/bin/qrun - 775 sys sys 1770271030 619
1770395066 492 c rc/bin/runqs - 775 sys sys 1770271030 217
1770395066 493 m rc/bin/runqs - 775 sys sys 1770271030 217
1770395066 494 c rc/bin/saveold - 775 sys sys 1770271030 435
1770395066 495 m rc/bin/saveold - 775 sys sys 1770271030 435
1770395066 496 c rc/bin/startabaco - 775 sys sys 1770271030 135
1770395066 497 m rc/bin/startabaco - 775 sys sys 1770271030 135
1770395066 498 c rc/bin/startfossil - 775 sys sys 1770271030 665
1770395066 499 m rc/bin/startfossil - 775 sys sys 1770271030 665
1770395066 500 c rc/bin/starthttpd - 775 sys sys 1770271030 361
1770395066 501 m rc/bin/starthttpd - 775 sys sys 1770271030 361
1770395066 502 c rc/bin/startpxe - 775 sys sys 1770271030 159
1770395066 503 m rc/bin/startpxe - 775 sys sys 1770271030 159
1770395066 504 c rc/bin/starttimesync - 775 sys sys 1770271030 349
1770395066 505 m rc/bin/starttimesync - 775 sys sys 1770271030 349
1770395066 506 c rc/bin/straddledns - 775 sys sys 1770271030 278
1770395066 507 m rc/bin/straddledns - 775 sys sys 1770271030 278
1770395066 508 c rc/bin/strzip - 775 sys sys 1770271030 57
1770395066 509 m rc/bin/strzip - 775 sys sys 1770271030 57
1770395066 510 c rc/bin/tex - 775 sys sys 1770271030 302
1770395066 511 m rc/bin/tex - 775 sys sys 1770271030 302
1770395066 512 c rc/bin/udiffy - 775 sys sys 1770271030 395
1770395066 513 m rc/bin/udiffy - 775 sys sys 1770271030 395
1770395066 514 c rc/bin/uniquery - 775 sys sys 1770271030 319
1770395066 515 m rc/bin/uniquery - 775 sys sys 1770271030 319
1770395066 516 c rc/bin/update - 775 sys sys 1770271030 1155
1770395066 517 m rc/bin/update - 775 sys sys 1770271030 1155
1770395066 518 c rc/bin/updiff - 775 sys sys 1770271030 347
1770395066 519 m rc/bin/updiff - 775 sys sys 1770271030 347
1770395066 520 c rc/bin/y - 775 sys sys 1770271030 53
1770395066 521 m rc/bin/y - 775 sys sys 1770271030 53
1770395066 522 c rc/lib/rcmain - 664 sys sys 1770271030 1050
1770395066 523 m rc/lib/rcmain - 664 sys sys 1770271030 1050
